<?xml version="1.0" encoding="UTF-8"?>
<testng-results skipped="0" failed="0" ignored="0" total="1" passed="1">
  <reporter-output>
  </reporter-output>
  <suite name="Suite" duration-ms="135791" started-at="2020-04-29T17:58:52Z" finished-at="2020-04-29T18:01:08Z">
    <groups>
      <group name="cucumber">
        <method signature="AbstractTestNGCucumberTests.runScenario(io.cucumber.testng.PickleEventWrapper, io.cucumber.testng.CucumberFeatureWrapper)[pri:0, instance:com.amazon.acceptancetest.TestRunner@6321e813]" name="runScenario" class="io.cucumber.testng.AbstractTestNGCucumberTests"/>
      </group> <!-- cucumber -->
    </groups>
    <test name="Test" duration-ms="135791" started-at="2020-04-29T17:58:52Z" finished-at="2020-04-29T18:01:08Z">
      <class name="com.amazon.acceptancetest.TestRunner">
        <test-method status="PASS" signature="setUpClass()[pri:0, instance:com.amazon.acceptancetest.TestRunner@6321e813]" name="setUpClass" is-config="true" duration-ms="95" started-at="2020-04-29T17:58:52Z" finished-at="2020-04-29T17:58:52Z">
          <reporter-output>
          </reporter-output>
        </test-method> <!-- setUpClass -->
        <test-method status="PASS" signature="runScenario(io.cucumber.testng.PickleEventWrapper, io.cucumber.testng.CucumberFeatureWrapper)[pri:0, instance:com.amazon.acceptancetest.TestRunner@6321e813]" name="runScenario" duration-ms="135628" started-at="2020-04-29T17:58:52Z" description="Runs Cucumber Scenarios" data-provider="scenarios" finished-at="2020-04-29T18:01:07Z">
          <params>
            <param index="0">
              <value>
                <![CDATA["Verify Product details are same across search screen and checkout screen"]]>
              </value>
            </param>
            <param index="1">
              <value>
                <![CDATA["Search Product"]]>
              </value>
            </param>
          </params>
          <reporter-output>
          </reporter-output>
        </test-method> <!-- runScenario -->
        <test-method status="PASS" signature="tearDownClass()[pri:0, instance:com.amazon.acceptancetest.TestRunner@6321e813]" name="tearDownClass" is-config="true" duration-ms="29" started-at="2020-04-29T18:01:07Z" finished-at="2020-04-29T18:01:08Z">
          <reporter-output>
          </reporter-output>
        </test-method> <!-- tearDownClass -->
      </class> <!-- com.amazon.acceptancetest.TestRunner -->
    </test> <!-- Test -->
  </suite> <!-- Suite -->
</testng-results>
